<?xml version="1.0" encoding="UTF-8"?>
<!-- Generated by org.testng.reporters.JUnitReportReporter -->
<testsuite skipped="0" hostname="DESKTOP-O89HVJP" name="Test.HomePage" tests="1" failures="0" timestamp="26 Jan 2020 14:38:46 GMT" time="0.008" errors="0">
  <testcase name="to_print_homeoutput" time="0.008" classname="Test.HomePage"/>
</testsuite> <!-- Test.HomePage -->
