<?xml version="1.0" encoding="UTF-8"?>
<!-- Generated by org.testng.reporters.JUnitReportReporter -->
<testsuite skipped="0" hostname="DESKTOP-O89HVJP" name="Caretool.Caretool.HomePage" tests="1" failures="0" timestamp="2020-01-26T18:17:39 IST" time="0.003" errors="0">
  <testcase name="to_print_homeoutput" time="0.003" classname="Caretool.Caretool.HomePage"/>
</testsuite> <!-- Caretool.Caretool.HomePage -->
